<?xml version="1.0" encoding="UTF-8"?>
<!-- Generated by org.testng.reporters.JUnitReportReporter -->
<testsuite hostname="DESKTOP-1I2RTCU" failures="0" tests="1" name="Runner.Test_runner" time="30.335" errors="0" timestamp="2021-02-04T11:46:38 IST" skipped="0">
  <testcase classname="Runner.Test_runner" name="feature" time="30.335"/>
  <system-out/>
</testsuite> <!-- Runner.Test_runner -->
